0 info it worked if it ends with ok
1 verbose cli [ '/Users/meshachjackson/.nvm/v0.11.1/bin/node',
1 verbose cli   '/Users/meshachjackson/.nvm/v0.11.1/bin/npm',
1 verbose cli   'install' ]
2 info using npm@1.2.18
3 info using node@v0.11.1
4 verbose read json /Users/meshachjackson/cita/sandbox/js/josi-npm/package.json
5 verbose readDependencies using package.json deps
6 verbose install where, deps [ '/Users/meshachjackson/cita/sandbox/js/josi-npm',
6 verbose install   [ 'coffee-script',
6 verbose install     'josi-access',
6 verbose install     'josi-admin',
6 verbose install     'josi-auth',
6 verbose install     'josi-aware',
6 verbose install     'josi-memory',
6 verbose install     'josi-plan',
6 verbose install     'josi-routes',
6 verbose install     'josi-seek',
6 verbose install     'josi-speech',
6 verbose install     'josi-state',
6 verbose install     'josi-team',
6 verbose install     'mocha',
6 verbose install     'chai',
6 verbose install     'sinon-chai',
6 verbose install     'sinon' ] ]
7 verbose from cache /Users/meshachjackson/cita/sandbox/js/josi-npm/package.json
8 info preinstall josi@1.0.0
9 verbose from cache /Users/meshachjackson/cita/sandbox/js/josi-npm/package.json
10 verbose readDependencies using package.json deps
11 verbose cache add [ 'josi-access@*', null ]
12 verbose cache add name=undefined spec="josi-access@*" args=["josi-access@*",null]
13 verbose parsed url { protocol: null,
13 verbose parsed url   slashes: null,
13 verbose parsed url   auth: null,
13 verbose parsed url   host: null,
13 verbose parsed url   port: null,
13 verbose parsed url   hostname: null,
13 verbose parsed url   hash: null,
13 verbose parsed url   search: null,
13 verbose parsed url   query: null,
13 verbose parsed url   pathname: 'josi-access@*',
13 verbose parsed url   path: 'josi-access@*',
13 verbose parsed url   href: 'josi-access@*' }
14 verbose cache add name="josi-access" spec="*" args=["josi-access","*"]
15 verbose parsed url { protocol: null,
15 verbose parsed url   slashes: null,
15 verbose parsed url   auth: null,
15 verbose parsed url   host: null,
15 verbose parsed url   port: null,
15 verbose parsed url   hostname: null,
15 verbose parsed url   hash: null,
15 verbose parsed url   search: null,
15 verbose parsed url   query: null,
15 verbose parsed url   pathname: '*',
15 verbose parsed url   path: '*',
15 verbose parsed url   href: '*' }
16 verbose addNamed [ 'josi-access', '*' ]
17 verbose addNamed [ null, '' ]
18 verbose cache add [ 'josi-auth@*', null ]
19 verbose cache add name=undefined spec="josi-auth@*" args=["josi-auth@*",null]
20 verbose parsed url { protocol: null,
20 verbose parsed url   slashes: null,
20 verbose parsed url   auth: null,
20 verbose parsed url   host: null,
20 verbose parsed url   port: null,
20 verbose parsed url   hostname: null,
20 verbose parsed url   hash: null,
20 verbose parsed url   search: null,
20 verbose parsed url   query: null,
20 verbose parsed url   pathname: 'josi-auth@*',
20 verbose parsed url   path: 'josi-auth@*',
20 verbose parsed url   href: 'josi-auth@*' }
21 verbose cache add name="josi-auth" spec="*" args=["josi-auth","*"]
22 verbose parsed url { protocol: null,
22 verbose parsed url   slashes: null,
22 verbose parsed url   auth: null,
22 verbose parsed url   host: null,
22 verbose parsed url   port: null,
22 verbose parsed url   hostname: null,
22 verbose parsed url   hash: null,
22 verbose parsed url   search: null,
22 verbose parsed url   query: null,
22 verbose parsed url   pathname: '*',
22 verbose parsed url   path: '*',
22 verbose parsed url   href: '*' }
23 verbose addNamed [ 'josi-auth', '*' ]
24 verbose addNamed [ null, '' ]
25 verbose cache add [ 'josi-admin@*', null ]
26 verbose cache add name=undefined spec="josi-admin@*" args=["josi-admin@*",null]
27 verbose parsed url { protocol: null,
27 verbose parsed url   slashes: null,
27 verbose parsed url   auth: null,
27 verbose parsed url   host: null,
27 verbose parsed url   port: null,
27 verbose parsed url   hostname: null,
27 verbose parsed url   hash: null,
27 verbose parsed url   search: null,
27 verbose parsed url   query: null,
27 verbose parsed url   pathname: 'josi-admin@*',
27 verbose parsed url   path: 'josi-admin@*',
27 verbose parsed url   href: 'josi-admin@*' }
28 verbose cache add name="josi-admin" spec="*" args=["josi-admin","*"]
29 verbose parsed url { protocol: null,
29 verbose parsed url   slashes: null,
29 verbose parsed url   auth: null,
29 verbose parsed url   host: null,
29 verbose parsed url   port: null,
29 verbose parsed url   hostname: null,
29 verbose parsed url   hash: null,
29 verbose parsed url   search: null,
29 verbose parsed url   query: null,
29 verbose parsed url   pathname: '*',
29 verbose parsed url   path: '*',
29 verbose parsed url   href: '*' }
30 verbose addNamed [ 'josi-admin', '*' ]
31 verbose addNamed [ null, '' ]
32 verbose cache add [ 'josi-aware@*', null ]
33 verbose cache add name=undefined spec="josi-aware@*" args=["josi-aware@*",null]
34 verbose parsed url { protocol: null,
34 verbose parsed url   slashes: null,
34 verbose parsed url   auth: null,
34 verbose parsed url   host: null,
34 verbose parsed url   port: null,
34 verbose parsed url   hostname: null,
34 verbose parsed url   hash: null,
34 verbose parsed url   search: null,
34 verbose parsed url   query: null,
34 verbose parsed url   pathname: 'josi-aware@*',
34 verbose parsed url   path: 'josi-aware@*',
34 verbose parsed url   href: 'josi-aware@*' }
35 verbose cache add name="josi-aware" spec="*" args=["josi-aware","*"]
36 verbose parsed url { protocol: null,
36 verbose parsed url   slashes: null,
36 verbose parsed url   auth: null,
36 verbose parsed url   host: null,
36 verbose parsed url   port: null,
36 verbose parsed url   hostname: null,
36 verbose parsed url   hash: null,
36 verbose parsed url   search: null,
36 verbose parsed url   query: null,
36 verbose parsed url   pathname: '*',
36 verbose parsed url   path: '*',
36 verbose parsed url   href: '*' }
37 verbose addNamed [ 'josi-aware', '*' ]
38 verbose addNamed [ null, '' ]
39 verbose cache add [ 'josi-memory@*', null ]
40 verbose cache add name=undefined spec="josi-memory@*" args=["josi-memory@*",null]
41 verbose parsed url { protocol: null,
41 verbose parsed url   slashes: null,
41 verbose parsed url   auth: null,
41 verbose parsed url   host: null,
41 verbose parsed url   port: null,
41 verbose parsed url   hostname: null,
41 verbose parsed url   hash: null,
41 verbose parsed url   search: null,
41 verbose parsed url   query: null,
41 verbose parsed url   pathname: 'josi-memory@*',
41 verbose parsed url   path: 'josi-memory@*',
41 verbose parsed url   href: 'josi-memory@*' }
42 verbose cache add name="josi-memory" spec="*" args=["josi-memory","*"]
43 verbose parsed url { protocol: null,
43 verbose parsed url   slashes: null,
43 verbose parsed url   auth: null,
43 verbose parsed url   host: null,
43 verbose parsed url   port: null,
43 verbose parsed url   hostname: null,
43 verbose parsed url   hash: null,
43 verbose parsed url   search: null,
43 verbose parsed url   query: null,
43 verbose parsed url   pathname: '*',
43 verbose parsed url   path: '*',
43 verbose parsed url   href: '*' }
44 verbose addNamed [ 'josi-memory', '*' ]
45 verbose addNamed [ null, '' ]
46 silly lockFile da7b6fb4-josi-access josi-access@*
47 verbose lock josi-access@* /Users/meshachjackson/.npm/da7b6fb4-josi-access.lock
48 silly lockFile 2fa93f32-josi-auth josi-auth@*
49 verbose lock josi-auth@* /Users/meshachjackson/.npm/2fa93f32-josi-auth.lock
50 silly lockFile 6beca9b6-josi-admin josi-admin@*
51 verbose lock josi-admin@* /Users/meshachjackson/.npm/6beca9b6-josi-admin.lock
52 verbose cache add [ 'josi-plan@*', null ]
53 verbose cache add name=undefined spec="josi-plan@*" args=["josi-plan@*",null]
54 verbose parsed url { protocol: null,
54 verbose parsed url   slashes: null,
54 verbose parsed url   auth: null,
54 verbose parsed url   host: null,
54 verbose parsed url   port: null,
54 verbose parsed url   hostname: null,
54 verbose parsed url   hash: null,
54 verbose parsed url   search: null,
54 verbose parsed url   query: null,
54 verbose parsed url   pathname: 'josi-plan@*',
54 verbose parsed url   path: 'josi-plan@*',
54 verbose parsed url   href: 'josi-plan@*' }
55 verbose cache add name="josi-plan" spec="*" args=["josi-plan","*"]
56 verbose parsed url { protocol: null,
56 verbose parsed url   slashes: null,
56 verbose parsed url   auth: null,
56 verbose parsed url   host: null,
56 verbose parsed url   port: null,
56 verbose parsed url   hostname: null,
56 verbose parsed url   hash: null,
56 verbose parsed url   search: null,
56 verbose parsed url   query: null,
56 verbose parsed url   pathname: '*',
56 verbose parsed url   path: '*',
56 verbose parsed url   href: '*' }
57 verbose addNamed [ 'josi-plan', '*' ]
58 verbose addNamed [ null, '' ]
59 silly lockFile 51a1ead0-josi-plan josi-plan@*
60 verbose lock josi-plan@* /Users/meshachjackson/.npm/51a1ead0-josi-plan.lock
61 silly lockFile 26c0ac09-josi-aware josi-aware@*
62 verbose lock josi-aware@* /Users/meshachjackson/.npm/26c0ac09-josi-aware.lock
63 silly addNameRange { name: 'josi-access', range: '', hasData: false }
64 silly addNameRange { name: 'josi-auth', range: '', hasData: false }
65 silly addNameRange { name: 'josi-admin', range: '', hasData: false }
66 verbose cache add [ 'josi-seek@*', null ]
67 verbose cache add name=undefined spec="josi-seek@*" args=["josi-seek@*",null]
68 verbose parsed url { protocol: null,
68 verbose parsed url   slashes: null,
68 verbose parsed url   auth: null,
68 verbose parsed url   host: null,
68 verbose parsed url   port: null,
68 verbose parsed url   hostname: null,
68 verbose parsed url   hash: null,
68 verbose parsed url   search: null,
68 verbose parsed url   query: null,
68 verbose parsed url   pathname: 'josi-seek@*',
68 verbose parsed url   path: 'josi-seek@*',
68 verbose parsed url   href: 'josi-seek@*' }
69 verbose cache add name="josi-seek" spec="*" args=["josi-seek","*"]
70 verbose parsed url { protocol: null,
70 verbose parsed url   slashes: null,
70 verbose parsed url   auth: null,
70 verbose parsed url   host: null,
70 verbose parsed url   port: null,
70 verbose parsed url   hostname: null,
70 verbose parsed url   hash: null,
70 verbose parsed url   search: null,
70 verbose parsed url   query: null,
70 verbose parsed url   pathname: '*',
70 verbose parsed url   path: '*',
70 verbose parsed url   href: '*' }
71 verbose addNamed [ 'josi-seek', '*' ]
72 verbose addNamed [ null, '' ]
73 silly lockFile 3caeb974-josi-seek josi-seek@*
74 verbose lock josi-seek@* /Users/meshachjackson/.npm/3caeb974-josi-seek.lock
75 verbose cache add [ 'josi-routes@*', null ]
76 verbose cache add name=undefined spec="josi-routes@*" args=["josi-routes@*",null]
77 verbose parsed url { protocol: null,
77 verbose parsed url   slashes: null,
77 verbose parsed url   auth: null,
77 verbose parsed url   host: null,
77 verbose parsed url   port: null,
77 verbose parsed url   hostname: null,
77 verbose parsed url   hash: null,
77 verbose parsed url   search: null,
77 verbose parsed url   query: null,
77 verbose parsed url   pathname: 'josi-routes@*',
77 verbose parsed url   path: 'josi-routes@*',
77 verbose parsed url   href: 'josi-routes@*' }
78 verbose cache add name="josi-routes" spec="*" args=["josi-routes","*"]
79 verbose parsed url { protocol: null,
79 verbose parsed url   slashes: null,
79 verbose parsed url   auth: null,
79 verbose parsed url   host: null,
79 verbose parsed url   port: null,
79 verbose parsed url   hostname: null,
79 verbose parsed url   hash: null,
79 verbose parsed url   search: null,
79 verbose parsed url   query: null,
79 verbose parsed url   pathname: '*',
79 verbose parsed url   path: '*',
79 verbose parsed url   href: '*' }
80 verbose addNamed [ 'josi-routes', '*' ]
81 verbose addNamed [ null, '' ]
82 silly lockFile 2c44e593-josi-routes josi-routes@*
83 verbose lock josi-routes@* /Users/meshachjackson/.npm/2c44e593-josi-routes.lock
84 verbose cache add [ 'josi-speech@*', null ]
85 verbose cache add name=undefined spec="josi-speech@*" args=["josi-speech@*",null]
86 verbose parsed url { protocol: null,
86 verbose parsed url   slashes: null,
86 verbose parsed url   auth: null,
86 verbose parsed url   host: null,
86 verbose parsed url   port: null,
86 verbose parsed url   hostname: null,
86 verbose parsed url   hash: null,
86 verbose parsed url   search: null,
86 verbose parsed url   query: null,
86 verbose parsed url   pathname: 'josi-speech@*',
86 verbose parsed url   path: 'josi-speech@*',
86 verbose parsed url   href: 'josi-speech@*' }
87 verbose cache add name="josi-speech" spec="*" args=["josi-speech","*"]
88 verbose parsed url { protocol: null,
88 verbose parsed url   slashes: null,
88 verbose parsed url   auth: null,
88 verbose parsed url   host: null,
88 verbose parsed url   port: null,
88 verbose parsed url   hostname: null,
88 verbose parsed url   hash: null,
88 verbose parsed url   search: null,
88 verbose parsed url   query: null,
88 verbose parsed url   pathname: '*',
88 verbose parsed url   path: '*',
88 verbose parsed url   href: '*' }
89 verbose addNamed [ 'josi-speech', '*' ]
90 verbose addNamed [ null, '' ]
91 silly lockFile 96e98542-josi-speech josi-speech@*
92 verbose lock josi-speech@* /Users/meshachjackson/.npm/96e98542-josi-speech.lock
93 silly addNameRange { name: 'josi-plan', range: '', hasData: false }
94 silly lockFile e22f92f2-josi-memory josi-memory@*
95 verbose lock josi-memory@* /Users/meshachjackson/.npm/e22f92f2-josi-memory.lock
96 silly addNameRange { name: 'josi-aware', range: '', hasData: false }
97 verbose url raw josi-access
98 verbose url resolving [ 'https://registry.npmjs.org/', './josi-access' ]
99 verbose url resolved https://registry.npmjs.org/josi-access
100 info trying registry request attempt 1 at 17:40:32
101 http GET https://registry.npmjs.org/josi-access
102 verbose url raw josi-auth
103 verbose url resolving [ 'https://registry.npmjs.org/', './josi-auth' ]
104 verbose url resolved https://registry.npmjs.org/josi-auth
105 info trying registry request attempt 1 at 17:40:32
106 http GET https://registry.npmjs.org/josi-auth
107 verbose url raw josi-admin
108 verbose url resolving [ 'https://registry.npmjs.org/', './josi-admin' ]
109 verbose url resolved https://registry.npmjs.org/josi-admin
110 info trying registry request attempt 1 at 17:40:32
111 http GET https://registry.npmjs.org/josi-admin
112 silly addNameRange { name: 'josi-seek', range: '', hasData: false }
113 silly addNameRange { name: 'josi-routes', range: '', hasData: false }
114 verbose cache add [ 'josi-state@*', null ]
115 verbose cache add name=undefined spec="josi-state@*" args=["josi-state@*",null]
116 verbose parsed url { protocol: null,
116 verbose parsed url   slashes: null,
116 verbose parsed url   auth: null,
116 verbose parsed url   host: null,
116 verbose parsed url   port: null,
116 verbose parsed url   hostname: null,
116 verbose parsed url   hash: null,
116 verbose parsed url   search: null,
116 verbose parsed url   query: null,
116 verbose parsed url   pathname: 'josi-state@*',
116 verbose parsed url   path: 'josi-state@*',
116 verbose parsed url   href: 'josi-state@*' }
117 verbose cache add name="josi-state" spec="*" args=["josi-state","*"]
118 verbose parsed url { protocol: null,
118 verbose parsed url   slashes: null,
118 verbose parsed url   auth: null,
118 verbose parsed url   host: null,
118 verbose parsed url   port: null,
118 verbose parsed url   hostname: null,
118 verbose parsed url   hash: null,
118 verbose parsed url   search: null,
118 verbose parsed url   query: null,
118 verbose parsed url   pathname: '*',
118 verbose parsed url   path: '*',
118 verbose parsed url   href: '*' }
119 verbose addNamed [ 'josi-state', '*' ]
120 verbose addNamed [ null, '' ]
121 silly lockFile 447f7f1c-josi-state josi-state@*
122 verbose lock josi-state@* /Users/meshachjackson/.npm/447f7f1c-josi-state.lock
123 verbose cache add [ 'josi-team@*', null ]
124 verbose cache add name=undefined spec="josi-team@*" args=["josi-team@*",null]
125 verbose parsed url { protocol: null,
125 verbose parsed url   slashes: null,
125 verbose parsed url   auth: null,
125 verbose parsed url   host: null,
125 verbose parsed url   port: null,
125 verbose parsed url   hostname: null,
125 verbose parsed url   hash: null,
125 verbose parsed url   search: null,
125 verbose parsed url   query: null,
125 verbose parsed url   pathname: 'josi-team@*',
125 verbose parsed url   path: 'josi-team@*',
125 verbose parsed url   href: 'josi-team@*' }
126 verbose cache add name="josi-team" spec="*" args=["josi-team","*"]
127 verbose parsed url { protocol: null,
127 verbose parsed url   slashes: null,
127 verbose parsed url   auth: null,
127 verbose parsed url   host: null,
127 verbose parsed url   port: null,
127 verbose parsed url   hostname: null,
127 verbose parsed url   hash: null,
127 verbose parsed url   search: null,
127 verbose parsed url   query: null,
127 verbose parsed url   pathname: '*',
127 verbose parsed url   path: '*',
127 verbose parsed url   href: '*' }
128 verbose addNamed [ 'josi-team', '*' ]
129 verbose addNamed [ null, '' ]
130 silly lockFile 9b208859-josi-team josi-team@*
131 verbose lock josi-team@* /Users/meshachjackson/.npm/9b208859-josi-team.lock
132 verbose cache add [ 'mocha@*', null ]
133 verbose cache add name=undefined spec="mocha@*" args=["mocha@*",null]
134 verbose parsed url { protocol: null,
134 verbose parsed url   slashes: null,
134 verbose parsed url   auth: null,
134 verbose parsed url   host: null,
134 verbose parsed url   port: null,
134 verbose parsed url   hostname: null,
134 verbose parsed url   hash: null,
134 verbose parsed url   search: null,
134 verbose parsed url   query: null,
134 verbose parsed url   pathname: 'mocha@*',
134 verbose parsed url   path: 'mocha@*',
134 verbose parsed url   href: 'mocha@*' }
135 verbose cache add name="mocha" spec="*" args=["mocha","*"]
136 verbose parsed url { protocol: null,
136 verbose parsed url   slashes: null,
136 verbose parsed url   auth: null,
136 verbose parsed url   host: null,
136 verbose parsed url   port: null,
136 verbose parsed url   hostname: null,
136 verbose parsed url   hash: null,
136 verbose parsed url   search: null,
136 verbose parsed url   query: null,
136 verbose parsed url   pathname: '*',
136 verbose parsed url   path: '*',
136 verbose parsed url   href: '*' }
137 verbose addNamed [ 'mocha', '*' ]
138 verbose addNamed [ null, '' ]
139 silly lockFile 4d0fa87f-mocha mocha@*
140 verbose lock mocha@* /Users/meshachjackson/.npm/4d0fa87f-mocha.lock
141 verbose cache add [ 'chai@*', null ]
142 verbose cache add name=undefined spec="chai@*" args=["chai@*",null]
143 verbose parsed url { protocol: null,
143 verbose parsed url   slashes: null,
143 verbose parsed url   auth: null,
143 verbose parsed url   host: null,
143 verbose parsed url   port: null,
143 verbose parsed url   hostname: null,
143 verbose parsed url   hash: null,
143 verbose parsed url   search: null,
143 verbose parsed url   query: null,
143 verbose parsed url   pathname: 'chai@*',
143 verbose parsed url   path: 'chai@*',
143 verbose parsed url   href: 'chai@*' }
144 verbose cache add name="chai" spec="*" args=["chai","*"]
145 verbose parsed url { protocol: null,
145 verbose parsed url   slashes: null,
145 verbose parsed url   auth: null,
145 verbose parsed url   host: null,
145 verbose parsed url   port: null,
145 verbose parsed url   hostname: null,
145 verbose parsed url   hash: null,
145 verbose parsed url   search: null,
145 verbose parsed url   query: null,
145 verbose parsed url   pathname: '*',
145 verbose parsed url   path: '*',
145 verbose parsed url   href: '*' }
146 verbose addNamed [ 'chai', '*' ]
147 verbose addNamed [ null, '' ]
148 silly lockFile dde1eb4b-chai chai@*
149 verbose lock chai@* /Users/meshachjackson/.npm/dde1eb4b-chai.lock
150 verbose cache add [ 'sinon-chai@*', null ]
151 verbose cache add name=undefined spec="sinon-chai@*" args=["sinon-chai@*",null]
152 verbose parsed url { protocol: null,
152 verbose parsed url   slashes: null,
152 verbose parsed url   auth: null,
152 verbose parsed url   host: null,
152 verbose parsed url   port: null,
152 verbose parsed url   hostname: null,
152 verbose parsed url   hash: null,
152 verbose parsed url   search: null,
152 verbose parsed url   query: null,
152 verbose parsed url   pathname: 'sinon-chai@*',
152 verbose parsed url   path: 'sinon-chai@*',
152 verbose parsed url   href: 'sinon-chai@*' }
153 verbose cache add name="sinon-chai" spec="*" args=["sinon-chai","*"]
154 verbose parsed url { protocol: null,
154 verbose parsed url   slashes: null,
154 verbose parsed url   auth: null,
154 verbose parsed url   host: null,
154 verbose parsed url   port: null,
154 verbose parsed url   hostname: null,
154 verbose parsed url   hash: null,
154 verbose parsed url   search: null,
154 verbose parsed url   query: null,
154 verbose parsed url   pathname: '*',
154 verbose parsed url   path: '*',
154 verbose parsed url   href: '*' }
155 verbose addNamed [ 'sinon-chai', '*' ]
156 verbose addNamed [ null, '' ]
157 silly lockFile e92e2cfb-sinon-chai sinon-chai@*
158 verbose lock sinon-chai@* /Users/meshachjackson/.npm/e92e2cfb-sinon-chai.lock
159 verbose cache add [ 'sinon@*', null ]
160 verbose cache add name=undefined spec="sinon@*" args=["sinon@*",null]
161 verbose parsed url { protocol: null,
161 verbose parsed url   slashes: null,
161 verbose parsed url   auth: null,
161 verbose parsed url   host: null,
161 verbose parsed url   port: null,
161 verbose parsed url   hostname: null,
161 verbose parsed url   hash: null,
161 verbose parsed url   search: null,
161 verbose parsed url   query: null,
161 verbose parsed url   pathname: 'sinon@*',
161 verbose parsed url   path: 'sinon@*',
161 verbose parsed url   href: 'sinon@*' }
162 verbose cache add name="sinon" spec="*" args=["sinon","*"]
163 verbose parsed url { protocol: null,
163 verbose parsed url   slashes: null,
163 verbose parsed url   auth: null,
163 verbose parsed url   host: null,
163 verbose parsed url   port: null,
163 verbose parsed url   hostname: null,
163 verbose parsed url   hash: null,
163 verbose parsed url   search: null,
163 verbose parsed url   query: null,
163 verbose parsed url   pathname: '*',
163 verbose parsed url   path: '*',
163 verbose parsed url   href: '*' }
164 verbose addNamed [ 'sinon', '*' ]
165 verbose addNamed [ null, '' ]
166 silly lockFile 29b94905-sinon sinon@*
167 verbose lock sinon@* /Users/meshachjackson/.npm/29b94905-sinon.lock
168 verbose cache add [ 'coffee-script@~1.6', null ]
169 verbose cache add name=undefined spec="coffee-script@~1.6" args=["coffee-script@~1.6",null]
170 verbose parsed url { protocol: null,
170 verbose parsed url   slashes: null,
170 verbose parsed url   auth: null,
170 verbose parsed url   host: null,
170 verbose parsed url   port: null,
170 verbose parsed url   hostname: null,
170 verbose parsed url   hash: null,
170 verbose parsed url   search: null,
170 verbose parsed url   query: null,
170 verbose parsed url   pathname: 'coffee-script@~1.6',
170 verbose parsed url   path: 'coffee-script@~1.6',
170 verbose parsed url   href: 'coffee-script@~1.6' }
171 verbose cache add name="coffee-script" spec="~1.6" args=["coffee-script","~1.6"]
172 verbose parsed url { protocol: null,
172 verbose parsed url   slashes: null,
172 verbose parsed url   auth: null,
172 verbose parsed url   host: null,
172 verbose parsed url   port: null,
172 verbose parsed url   hostname: null,
172 verbose parsed url   hash: null,
172 verbose parsed url   search: null,
172 verbose parsed url   query: null,
172 verbose parsed url   pathname: '~1.6',
172 verbose parsed url   path: '~1.6',
172 verbose parsed url   href: '~1.6' }
173 verbose addNamed [ 'coffee-script', '~1.6' ]
174 verbose addNamed [ null, '>=1.6.0- <1.7.0-' ]
175 silly lockFile d0c13b8a-coffee-script-1-6 coffee-script@~1.6
176 verbose lock coffee-script@~1.6 /Users/meshachjackson/.npm/d0c13b8a-coffee-script-1-6.lock
177 silly addNameRange { name: 'josi-speech', range: '', hasData: false }
178 verbose url raw josi-plan
179 verbose url resolving [ 'https://registry.npmjs.org/', './josi-plan' ]
180 verbose url resolved https://registry.npmjs.org/josi-plan
181 info trying registry request attempt 1 at 17:40:32
182 http GET https://registry.npmjs.org/josi-plan
183 silly addNameRange { name: 'josi-memory', range: '', hasData: false }
184 verbose url raw josi-aware
185 verbose url resolving [ 'https://registry.npmjs.org/', './josi-aware' ]
186 verbose url resolved https://registry.npmjs.org/josi-aware
187 info trying registry request attempt 1 at 17:40:32
188 http GET https://registry.npmjs.org/josi-aware
189 verbose url raw josi-seek
190 verbose url resolving [ 'https://registry.npmjs.org/', './josi-seek' ]
191 verbose url resolved https://registry.npmjs.org/josi-seek
192 info trying registry request attempt 1 at 17:40:32
193 http GET https://registry.npmjs.org/josi-seek
194 verbose url raw josi-routes
195 verbose url resolving [ 'https://registry.npmjs.org/', './josi-routes' ]
196 verbose url resolved https://registry.npmjs.org/josi-routes
197 info trying registry request attempt 1 at 17:40:32
198 http GET https://registry.npmjs.org/josi-routes
199 silly addNameRange { name: 'josi-state', range: '', hasData: false }
200 silly addNameRange { name: 'josi-team', range: '', hasData: false }
201 silly addNameRange { name: 'mocha', range: '', hasData: false }
202 silly addNameRange { name: 'chai', range: '', hasData: false }
203 silly addNameRange { name: 'sinon-chai', range: '', hasData: false }
204 silly addNameRange { name: 'sinon', range: '', hasData: false }
205 silly addNameRange { name: 'coffee-script',
205 silly addNameRange   range: '>=1.6.0- <1.7.0-',
205 silly addNameRange   hasData: false }
206 verbose url raw josi-speech
207 verbose url resolving [ 'https://registry.npmjs.org/', './josi-speech' ]
208 verbose url resolved https://registry.npmjs.org/josi-speech
209 info trying registry request attempt 1 at 17:40:32
210 http GET https://registry.npmjs.org/josi-speech
211 verbose url raw josi-memory
212 verbose url resolving [ 'https://registry.npmjs.org/', './josi-memory' ]
213 verbose url resolved https://registry.npmjs.org/josi-memory
214 info trying registry request attempt 1 at 17:40:33
215 http GET https://registry.npmjs.org/josi-memory
216 verbose url raw josi-state
217 verbose url resolving [ 'https://registry.npmjs.org/', './josi-state' ]
218 verbose url resolved https://registry.npmjs.org/josi-state
219 info trying registry request attempt 1 at 17:40:33
220 http GET https://registry.npmjs.org/josi-state
221 verbose url raw josi-team
222 verbose url resolving [ 'https://registry.npmjs.org/', './josi-team' ]
223 verbose url resolved https://registry.npmjs.org/josi-team
224 info trying registry request attempt 1 at 17:40:33
225 http GET https://registry.npmjs.org/josi-team
226 verbose url raw mocha
227 verbose url resolving [ 'https://registry.npmjs.org/', './mocha' ]
228 verbose url resolved https://registry.npmjs.org/mocha
229 info trying registry request attempt 1 at 17:40:33
230 verbose etag "12MU0OYB9ATOEXHPHWQXFCROU"
231 http GET https://registry.npmjs.org/mocha
232 verbose url raw sinon-chai
233 verbose url resolving [ 'https://registry.npmjs.org/', './sinon-chai' ]
234 verbose url resolved https://registry.npmjs.org/sinon-chai
235 info trying registry request attempt 1 at 17:40:33
236 verbose etag "E4VKKF12X9TOSXH8KHDJW02SY"
237 http GET https://registry.npmjs.org/sinon-chai
238 verbose url raw chai
239 verbose url resolving [ 'https://registry.npmjs.org/', './chai' ]
240 verbose url resolved https://registry.npmjs.org/chai
241 info trying registry request attempt 1 at 17:40:33
242 verbose etag "C85GSDSCQ9WOOK7M1HS9UPZKH"
243 http GET https://registry.npmjs.org/chai
244 verbose url raw coffee-script
245 verbose url resolving [ 'https://registry.npmjs.org/', './coffee-script' ]
246 verbose url resolved https://registry.npmjs.org/coffee-script
247 info trying registry request attempt 1 at 17:40:33
248 verbose etag "FMB4Y6SCJR32P6J30F565TLM"
249 http GET https://registry.npmjs.org/coffee-script
250 verbose url raw sinon
251 verbose url resolving [ 'https://registry.npmjs.org/', './sinon' ]
252 verbose url resolved https://registry.npmjs.org/sinon
253 info trying registry request attempt 1 at 17:40:33
254 verbose etag "4HEV1D571NMGA62K0PPAX317W"
255 http GET https://registry.npmjs.org/sinon
256 http 404 https://registry.npmjs.org/josi-plan
257 silly registry.get cb [ 404,
257 silly registry.get   { server: 'CouchDB/1.3.1 (Erlang OTP/R15B03)',
257 silly registry.get     date: 'Fri, 06 Sep 2013 00:40:31 GMT',
257 silly registry.get     'content-type': 'application/json',
257 silly registry.get     'content-length': '52',
257 silly registry.get     'cache-control': 'must-revalidate' } ]
258 silly lockFile 51a1ead0-josi-plan josi-plan@*
259 silly lockFile 51a1ead0-josi-plan josi-plan@*
260 error 404 'josi-plan' is not in the npm registry.
260 error 404 You should bug the author to publish it
260 error 404
260 error 404 Note that you can also install from a
260 error 404 tarball, folder, or http url, or git url.
261 error System Darwin 12.4.0
262 error command "/Users/meshachjackson/.nvm/v0.11.1/bin/node" "/Users/meshachjackson/.nvm/v0.11.1/bin/npm" "install"
263 error cwd /Users/meshachjackson/cita/sandbox/js/josi-npm
264 error node -v v0.11.1
265 error npm -v 1.2.18
266 error code E404
267 verbose exit [ 1, true ]
